<?xml version="1.0" encoding="utf-8"?><testsuites name="pytest tests"><testsuite name="pytest" errors="0" failures="0" skipped="0" tests="9" time="2.543" timestamp="2026-02-08T11:17:54.240071+00:00" hostname="agent-env-5fa5d24e-cf51-4bb5-b64c-30154302217f"><testcase classname="backend.tests.test_admin_controls.TestGlobalFeatureToggles" name="test_get_global_feature_toggles" time="0.421" /><testcase classname="backend.tests.test_admin_controls.TestGlobalFeatureToggles" name="test_founders_circle_defaults" time="0.219" /><testcase classname="backend.tests.test_admin_controls.TestGlobalFeatureToggles" name="test_early_partner_beta_defaults" time="0.224" /><testcase classname="backend.tests.test_admin_controls.TestGlobalFeatureToggles" name="test_update_feature_toggles" time="0.526" /><testcase classname="backend.tests.test_admin_controls.TestBillingSettings" name="test_get_billing_settings" time="0.212" /><testcase classname="backend.tests.test_admin_controls.TestBillingSettings" name="test_paid_plan_settings_defaults" time="0.092" /><testcase classname="backend.tests.test_admin_controls.TestBillingSettings" name="test_update_billing_settings" time="0.777" /><testcase classname="backend.tests.test_admin_controls.TestDashboardNeverExpires" name="test_never_expires_logic_in_code" time="0.002" /><testcase classname="backend.tests.test_admin_controls.TestPublicGalleryUpload" name="test_navbar_upload_button_code" time="0.001" /></testsuite></testsuites>