<?xml version="1.0" encoding="utf-8"?><testsuites name="pytest tests"><testsuite name="pytest" errors="0" failures="1" skipped="0" tests="9" time="0.781" timestamp="2026-02-08T11:17:22.481300+00:00" hostname="agent-env-5fa5d24e-cf51-4bb5-b64c-30154302217f"><testcase classname="backend.tests.test_admin_controls.TestGlobalFeatureToggles" name="test_get_global_feature_toggles" time="0.158" /><testcase classname="backend.tests.test_admin_controls.TestGlobalFeatureToggles" name="test_founders_circle_defaults" time="0.053" /><testcase classname="backend.tests.test_admin_controls.TestGlobalFeatureToggles" name="test_early_partner_beta_defaults" time="0.052" /><testcase classname="backend.tests.test_admin_controls.TestGlobalFeatureToggles" name="test_update_feature_toggles" time="0.156" /><testcase classname="backend.tests.test_admin_controls.TestBillingSettings" name="test_get_billing_settings" time="0.051" /><testcase classname="backend.tests.test_admin_controls.TestBillingSettings" name="test_paid_plan_settings_defaults" time="0.049" /><testcase classname="backend.tests.test_admin_controls.TestBillingSettings" name="test_update_billing_settings" time="0.157"><failure message="assert 6 == 3">backend/tests/test_admin_controls.py:246: in test_update_billing_settings
    assert updated_data["paid_gallery_expiration_months"] == 3
E   assert 6 == 3</failure></testcase><testcase classname="backend.tests.test_admin_controls.TestDashboardNeverExpires" name="test_never_expires_logic_in_code" time="0.001" /><testcase classname="backend.tests.test_admin_controls.TestPublicGalleryUpload" name="test_navbar_upload_button_code" time="0.001" /></testsuite></testsuites>