<?xml version="1.0" encoding="utf-8"?><testsuites name="pytest tests"><testsuite name="pytest" errors="0" failures="1" skipped="0" tests="7" time="20.296" timestamp="2026-02-10T04:13:16.513171+00:00" hostname="agent-env-084bb476-f1f3-42df-8ffa-e185672d0183"><testcase classname="backend.tests.test_bug_fixes_iteration20.TestBugFixes" name="test_bug1_public_gallery_download_info_no_password" time="4.428" /><testcase classname="backend.tests.test_bug_fixes_iteration20.TestBugFixes" name="test_bug1_public_gallery_has_photos" time="0.926"><failure message="AssertionError: Failed to get photos: 401&#10;assert 401 == 200&#10; +  where 401 = &lt;Response [401]&gt;.status_code">backend/tests/test_bug_fixes_iteration20.py:58: in test_bug1_public_gallery_has_photos
    assert response.status_code == 200, f"Failed to get photos: {response.status_code}"
E   AssertionError: Failed to get photos: 401
E   assert 401 == 200
E    +  where 401 = &lt;Response [401]&gt;.status_code</failure></testcase><testcase classname="backend.tests.test_bug_fixes_iteration20.TestBugFixes" name="test_bug2_gallery_update_with_passwords" time="3.157" /><testcase classname="backend.tests.test_bug_fixes_iteration20.TestBugFixes" name="test_bug3_gallery_update_with_coordinator_name" time="4.466" /><testcase classname="backend.tests.test_bug_fixes_iteration20.TestBugFixes" name="test_bug2_password_update_persists" time="4.244" /><testcase classname="backend.tests.test_bug_fixes_iteration20.TestPublicGalleryDownload" name="test_public_gallery_info" time="0.715" /><testcase classname="backend.tests.test_bug_fixes_iteration20.TestPublicGalleryDownload" name="test_public_gallery_photos_count" time="2.264" /></testsuite></testsuites>