<?xml version="1.0" encoding="utf-8"?><testsuites name="pytest tests"><testsuite name="pytest" errors="0" failures="2" skipped="0" tests="7" time="21.109" timestamp="2026-02-10T04:09:53.498177+00:00" hostname="agent-env-084bb476-f1f3-42df-8ffa-e185672d0183"><testcase classname="backend.tests.test_bug_fixes_iteration20.TestBugFixes" name="test_bug1_public_gallery_download_info_no_password" time="6.533" /><testcase classname="backend.tests.test_bug_fixes_iteration20.TestBugFixes" name="test_bug1_public_gallery_has_photos" time="1.680" /><testcase classname="backend.tests.test_bug_fixes_iteration20.TestBugFixes" name="test_bug2_gallery_update_with_passwords" time="3.747" /><testcase classname="backend.tests.test_bug_fixes_iteration20.TestBugFixes" name="test_bug3_gallery_update_with_coordinator_name" time="3.565"><failure message="AssertionError: Coordinator name not updated&#10;assert None == 'TEST_Coordinator_Name'&#10; +  where None = &lt;built-in method get of dict object at 0x7855d27b8940&gt;('coordinator_name')&#10; +    where &lt;built-in method get of dict object at 0x7855d27b8940&gt; = {'auto_delete_date': '2126-01-16T08:18:06.615904+00:00', 'collage_preset_id': None, 'coordinator_name': None, 'cover_photo_url': '/api/photos/serve/cover_98f813a0-5117-4db8-9dd2-51c5f566d612.jpeg', ...}.get">backend/tests/test_bug_fixes_iteration20.py:126: in test_bug3_gallery_update_with_coordinator_name
    assert updated_data.get("coordinator_name") == test_coordinator, "Coordinator name not updated"
E   AssertionError: Coordinator name not updated
E   assert None == 'TEST_Coordinator_Name'
E    +  where None = &lt;built-in method get of dict object at 0x7855d27b8940&gt;('coordinator_name')
E    +    where &lt;built-in method get of dict object at 0x7855d27b8940&gt; = {'auto_delete_date': '2126-01-16T08:18:06.615904+00:00', 'collage_preset_id': None, 'coordinator_name': None, 'cover_photo_url': '/api/photos/serve/cover_98f813a0-5117-4db8-9dd2-51c5f566d612.jpeg', ...}.get</failure></testcase><testcase classname="backend.tests.test_bug_fixes_iteration20.TestBugFixes" name="test_bug2_password_update_persists" time="4.424" /><testcase classname="backend.tests.test_bug_fixes_iteration20.TestPublicGalleryDownload" name="test_public_gallery_info" time="0.721" /><testcase classname="backend.tests.test_bug_fixes_iteration20.TestPublicGalleryDownload" name="test_public_gallery_photos_count" time="0.279"><failure message="AssertionError: Failed to get photos: 401&#10;assert 401 == 200&#10; +  where 401 = &lt;Response [401]&gt;.status_code">backend/tests/test_bug_fixes_iteration20.py:214: in test_public_gallery_photos_count
    assert response.status_code == 200, f"Failed to get photos: {response.status_code}"
E   AssertionError: Failed to get photos: 401
E   assert 401 == 200
E    +  where 401 = &lt;Response [401]&gt;.status_code</failure></testcase></testsuite></testsuites>