<?xml version="1.0" encoding="utf-8"?><testsuites name="pytest tests"><testsuite name="pytest" errors="0" failures="3" skipped="0" tests="7" time="12.293" timestamp="2026-02-10T04:09:13.767411+00:00" hostname="agent-env-084bb476-f1f3-42df-8ffa-e185672d0183"><testcase classname="backend.tests.test_bug_fixes_iteration20.TestBugFixes" name="test_bug1_public_gallery_download_info_no_password" time="6.630" /><testcase classname="backend.tests.test_bug_fixes_iteration20.TestBugFixes" name="test_bug1_public_gallery_has_photos" time="1.590" /><testcase classname="backend.tests.test_bug_fixes_iteration20.TestBugFixes" name="test_bug2_gallery_update_with_passwords" time="0.679"><failure message="AssertionError: Failed to get gallery: 401&#10;assert 401 == 200&#10; +  where 401 = &lt;Response [401]&gt;.status_code">backend/tests/test_bug_fixes_iteration20.py:71: in test_bug2_gallery_update_with_passwords
    assert get_response.status_code == 200, f"Failed to get gallery: {get_response.status_code}"
E   AssertionError: Failed to get gallery: 401
E   assert 401 == 200
E    +  where 401 = &lt;Response [401]&gt;.status_code</failure></testcase><testcase classname="backend.tests.test_bug_fixes_iteration20.TestBugFixes" name="test_bug3_gallery_update_with_coordinator_name" time="0.686"><failure message="AssertionError: Failed to get gallery: 401&#10;assert 401 == 200&#10; +  where 401 = &lt;Response [401]&gt;.status_code">backend/tests/test_bug_fixes_iteration20.py:99: in test_bug3_gallery_update_with_coordinator_name
    assert get_response.status_code == 200, f"Failed to get gallery: {get_response.status_code}"
E   AssertionError: Failed to get gallery: 401
E   assert 401 == 200
E    +  where 401 = &lt;Response [401]&gt;.status_code</failure></testcase><testcase classname="backend.tests.test_bug_fixes_iteration20.TestBugFixes" name="test_bug2_password_update_persists" time="0.678"><failure message="assert 401 == 200&#10; +  where 401 = &lt;Response [401]&gt;.status_code">backend/tests/test_bug_fixes_iteration20.py:148: in test_bug2_password_update_persists
    assert get_response.status_code == 200
E   assert 401 == 200
E    +  where 401 = &lt;Response [401]&gt;.status_code</failure></testcase><testcase classname="backend.tests.test_bug_fixes_iteration20.TestPublicGalleryDownload" name="test_public_gallery_info" time="0.735" /><testcase classname="backend.tests.test_bug_fixes_iteration20.TestPublicGalleryDownload" name="test_public_gallery_photos_count" time="1.170" /></testsuite></testsuites>