<?xml version="1.0" encoding="utf-8"?><testsuites name="pytest tests"><testsuite name="pytest" errors="0" failures="0" skipped="0" tests="7" time="25.968" timestamp="2026-02-10T04:13:57.221992+00:00" hostname="agent-env-084bb476-f1f3-42df-8ffa-e185672d0183"><testcase classname="backend.tests.test_bug_fixes_iteration20.TestBugFixes" name="test_bug1_public_gallery_download_info_no_password" time="7.795" /><testcase classname="backend.tests.test_bug_fixes_iteration20.TestBugFixes" name="test_bug1_public_gallery_has_photos" time="2.896" /><testcase classname="backend.tests.test_bug_fixes_iteration20.TestBugFixes" name="test_bug2_gallery_update_with_passwords" time="3.326" /><testcase classname="backend.tests.test_bug_fixes_iteration20.TestBugFixes" name="test_bug3_gallery_update_with_coordinator_name" time="4.539" /><testcase classname="backend.tests.test_bug_fixes_iteration20.TestBugFixes" name="test_bug2_password_update_persists" time="4.339" /><testcase classname="backend.tests.test_bug_fixes_iteration20.TestPublicGalleryDownload" name="test_public_gallery_info" time="0.735" /><testcase classname="backend.tests.test_bug_fixes_iteration20.TestPublicGalleryDownload" name="test_public_gallery_photos_count" time="2.280" /></testsuite></testsuites>