<?xml version="1.0" encoding="utf-8"?><testsuites name="pytest tests"><testsuite name="pytest" errors="0" failures="0" skipped="0" tests="13" time="4.486" timestamp="2026-02-05T04:32:27.090590+00:00" hostname="agent-env-e5647771-ad1f-4ed0-bd47-9dae958455d4"><testcase classname="backend.tests.test_collage_presets.TestAdminCollagePresets" name="test_admin_login" time="0.194" /><testcase classname="backend.tests.test_collage_presets.TestAdminCollagePresets" name="test_get_collage_presets_list" time="0.132" /><testcase classname="backend.tests.test_collage_presets.TestAdminCollagePresets" name="test_create_collage_preset_landscape" time="0.225" /><testcase classname="backend.tests.test_collage_presets.TestAdminCollagePresets" name="test_create_collage_preset_portrait" time="0.214" /><testcase classname="backend.tests.test_collage_presets.TestAdminCollagePresets" name="test_create_collage_preset_square" time="0.256" /><testcase classname="backend.tests.test_collage_presets.TestAdminCollagePresets" name="test_update_collage_preset" time="0.339" /><testcase classname="backend.tests.test_collage_presets.TestAdminCollagePresets" name="test_delete_collage_preset" time="0.297" /><testcase classname="backend.tests.test_collage_presets.TestAdminCollagePresets" name="test_duplicate_collage_preset" time="0.437" /><testcase classname="backend.tests.test_collage_presets.TestPhotographerCollagePresets" name="test_photographer_login" time="0.762" /><testcase classname="backend.tests.test_collage_presets.TestPhotographerCollagePresets" name="test_get_available_presets" time="0.434" /><testcase classname="backend.tests.test_collage_presets.TestPhotographerCollagePresets" name="test_get_photographer_galleries" time="0.419" /><testcase classname="backend.tests.test_collage_presets.TestPhotographerCollagePresets" name="test_update_gallery_with_collage_preset" time="0.667" /><testcase classname="backend.tests.test_collage_presets.TestPublicCollagePresetEndpoints" name="test_get_default_preset_public" time="0.061" /></testsuite></testsuites>