<?xml version="1.0" encoding="utf-8"?><testsuites name="pytest tests"><testsuite name="pytest" errors="0" failures="2" skipped="0" tests="36" time="7.101" timestamp="2026-01-31T17:26:59.928833+00:00" hostname="agent-env-e7511322-b303-4f8f-b718-55857d433749"><testcase classname="backend.tests.test_comprehensive_api.TestHealthAndLanding" name="test_landing_config" time="0.170" /><testcase classname="backend.tests.test_comprehensive_api.TestAuthenticationFlow" name="test_01_register_photographer" time="0.470" /><testcase classname="backend.tests.test_comprehensive_api.TestAuthenticationFlow" name="test_02_login_photographer" time="0.402" /><testcase classname="backend.tests.test_comprehensive_api.TestAuthenticationFlow" name="test_03_get_current_user" time="0.098" /><testcase classname="backend.tests.test_comprehensive_api.TestAuthenticationFlow" name="test_04_update_profile" time="0.072" /><testcase classname="backend.tests.test_comprehensive_api.TestAuthenticationFlow" name="test_05_change_password" time="1.485" /><testcase classname="backend.tests.test_comprehensive_api.TestAuthenticationFlow" name="test_06_login_invalid_credentials" time="0.401" /><testcase classname="backend.tests.test_comprehensive_api.TestGalleryManagement" name="test_01_create_gallery" time="0.748" /><testcase classname="backend.tests.test_comprehensive_api.TestGalleryManagement" name="test_02_get_galleries_list" time="0.074" /><testcase classname="backend.tests.test_comprehensive_api.TestGalleryManagement" name="test_03_get_single_gallery" time="0.073" /><testcase classname="backend.tests.test_comprehensive_api.TestGalleryManagement" name="test_04_update_gallery" time="0.077" /><testcase classname="backend.tests.test_comprehensive_api.TestGalleryManagement" name="test_05_create_section" time="0.072" /><testcase classname="backend.tests.test_comprehensive_api.TestGalleryManagement" name="test_06_get_sections" time="0.206" /><testcase classname="backend.tests.test_comprehensive_api.TestPhotoUpload" name="test_01_photographer_upload" time="0.087" /><testcase classname="backend.tests.test_comprehensive_api.TestPhotoUpload" name="test_02_get_gallery_photos" time="0.175" /><testcase classname="backend.tests.test_comprehensive_api.TestPhotoUpload" name="test_03_serve_photo_with_cache_headers" time="0.094" /><testcase classname="backend.tests.test_comprehensive_api.TestPublicGallery" name="test_01_access_public_gallery" time="0.065" /><testcase classname="backend.tests.test_comprehensive_api.TestPublicGallery" name="test_02_verify_password" time="0.450" /><testcase classname="backend.tests.test_comprehensive_api.TestPublicGallery" name="test_03_guest_upload" time="0.104"><failure message="AssertionError: Guest upload failed: {&quot;detail&quot;:&quot;Password required&quot;}&#10;assert 401 == 200&#10; +  where 401 = &lt;Response [401]&gt;.status_code">backend/tests/test_comprehensive_api.py:346: in test_03_guest_upload
    assert response.status_code == 200, f"Guest upload failed: {response.text}"
E   AssertionError: Guest upload failed: {"detail":"Password required"}
E   assert 401 == 200
E    +  where 401 = &lt;Response [401]&gt;.status_code</failure></testcase><testcase classname="backend.tests.test_comprehensive_api.TestPublicGallery" name="test_04_track_view" time="0.063" /><testcase classname="backend.tests.test_comprehensive_api.TestPublicGallery" name="test_05_get_public_photos" time="0.406"><failure message="AssertionError: assert 1 &gt;= 2&#10; +  where 1 = len([{'filename': 'b59e7ead-2068-4f7a-867b-7a796752b3f5.jpg', 'gallery_id': 'a1b26beb-48a9-47b9-8efa-9771d2e13bfc', 'id': 'b59e7ead-2068-4f7a-867b-7a796752b3f5', 'original_filename': 'test_photo.jpg', ...}])">backend/tests/test_comprehensive_api.py:365: in test_05_get_public_photos
    assert len(data) &gt;= 2  # Should have photographer + guest photo
    ^^^^^^^^^^^^^^^^^^^^^
E   AssertionError: assert 1 &gt;= 2
E    +  where 1 = len([{'filename': 'b59e7ead-2068-4f7a-867b-7a796752b3f5.jpg', 'gallery_id': 'a1b26beb-48a9-47b9-8efa-9771d2e13bfc', 'id': 'b59e7ead-2068-4f7a-867b-7a796752b3f5', 'original_filename': 'test_photo.jpg', ...}])</failure></testcase><testcase classname="backend.tests.test_comprehensive_api.TestCoverPhotoEditor" name="test_01_upload_cover_photo" time="0.073" /><testcase classname="backend.tests.test_comprehensive_api.TestCoverPhotoEditor" name="test_02_get_cover_photo_position" time="0.069" /><testcase classname="backend.tests.test_comprehensive_api.TestCoverPhotoEditor" name="test_03_update_cover_photo_position" time="0.074" /><testcase classname="backend.tests.test_comprehensive_api.TestCoverPhotoEditor" name="test_04_verify_position_persisted" time="0.070" /><testcase classname="backend.tests.test_comprehensive_api.TestCoverPhotoEditor" name="test_05_public_gallery_shows_position" time="0.064" /><testcase classname="backend.tests.test_comprehensive_api.TestAdminDashboard" name="test_01_admin_login" time="0.064" /><testcase classname="backend.tests.test_comprehensive_api.TestAdminDashboard" name="test_02_get_photographers" time="0.080" /><testcase classname="backend.tests.test_comprehensive_api.TestAdminDashboard" name="test_03_update_gallery_limit" time="0.071" /><testcase classname="backend.tests.test_comprehensive_api.TestAdminDashboard" name="test_04_update_storage_quota" time="0.067" /><testcase classname="backend.tests.test_comprehensive_api.TestAdminDashboard" name="test_05_get_admin_analytics" time="0.076" /><testcase classname="backend.tests.test_comprehensive_api.TestAdminDashboard" name="test_06_get_landing_config" time="0.071" /><testcase classname="backend.tests.test_comprehensive_api.TestAnalytics" name="test_01_photographer_analytics" time="0.067" /><testcase classname="backend.tests.test_comprehensive_api.TestGoogleDriveIntegration" name="test_01_google_drive_status" time="0.067" /><testcase classname="backend.tests.test_comprehensive_api.TestGoogleDriveIntegration" name="test_02_backup_status" time="0.069" /><testcase classname="backend.tests.test_comprehensive_api.TestCleanup" name="test_99_delete_gallery" time="0.071" /></testsuite></testsuites>