<?xml version="1.0" encoding="utf-8"?><testsuites name="pytest tests"><testsuite name="pytest" errors="0" failures="0" skipped="1" tests="9" time="6.340" timestamp="2026-01-31T11:09:17.852552+00:00" hostname="agent-env-e7511322-b303-4f8f-b718-55857d433749"><testcase classname="backend.tests.test_cover_photo_concurrency.TestCoverPhotoPositionAPI" name="test_get_default_cover_position" time="1.543" /><testcase classname="backend.tests.test_cover_photo_concurrency.TestCoverPhotoPositionAPI" name="test_put_cover_position_without_cover_photo_fails" time="0.161" /><testcase classname="backend.tests.test_cover_photo_concurrency.TestCoverPhotoWithImage" name="test_save_cover_position" time="1.142" /><testcase classname="backend.tests.test_cover_photo_concurrency.TestCoverPhotoWithImage" name="test_get_saved_cover_position" time="0.123" /><testcase classname="backend.tests.test_cover_photo_concurrency.TestCoverPhotoWithImage" name="test_public_gallery_has_cover_position" time="0.335" /><testcase classname="backend.tests.test_cover_photo_concurrency.TestHighConcurrencyOptimizations" name="test_photographer_upload_endpoint" time="1.059" /><testcase classname="backend.tests.test_cover_photo_concurrency.TestHighConcurrencyOptimizations" name="test_guest_upload_endpoint" time="0.235" /><testcase classname="backend.tests.test_cover_photo_concurrency.TestHighConcurrencyOptimizations" name="test_multiple_concurrent_requests" time="0.959" /><testcase classname="backend.tests.test_cover_photo_concurrency.TestExistingGalleryWithCover" name="test_existing_gallery_cover_position_endpoint" time="0.127"><skipped type="pytest.skip" message="Test user not found - run full test suite first">/app/backend/tests/test_cover_photo_concurrency.py:412: Test user not found - run full test suite first</skipped></testcase></testsuite></testsuites>