<?xml version="1.0" encoding="utf-8"?><testsuites name="pytest tests"><testsuite name="pytest" errors="0" failures="1" skipped="0" tests="15" time="27.536" timestamp="2026-02-08T13:10:18.455741+00:00" hostname="agent-env-5fa5d24e-cf51-4bb5-b64c-30154302217f"><testcase classname="backend.tests.test_download_feature.TestDownloadInfo" name="test_download_info_with_valid_password" time="0.644" /><testcase classname="backend.tests.test_download_feature.TestDownloadInfo" name="test_download_info_returns_sections" time="0.612" /><testcase classname="backend.tests.test_download_feature.TestDownloadInfo" name="test_download_info_chunk_calculation" time="0.575" /><testcase classname="backend.tests.test_download_feature.TestDownloadInfo" name="test_download_info_invalid_password" time="0.516" /><testcase classname="backend.tests.test_download_feature.TestDownloadInfo" name="test_download_info_missing_password" time="0.141" /><testcase classname="backend.tests.test_download_feature.TestDownloadInfo" name="test_download_info_nonexistent_gallery" time="0.134" /><testcase classname="backend.tests.test_download_feature.TestDownloadInfo" name="test_download_info_for_specific_section" time="0.945" /><testcase classname="backend.tests.test_download_feature.TestDownloadSection" name="test_download_section_all_photos_chunk1" time="9.999"><failure message="AssertionError: Expected non-empty ZIP file&#10;assert 0 &gt; 0">backend/tests/test_download_feature.py:188: in test_download_section_all_photos_chunk1
    assert content_length &gt; 0, "Expected non-empty ZIP file"
E   AssertionError: Expected non-empty ZIP file
E   assert 0 &gt; 0</failure></testcase><testcase classname="backend.tests.test_download_feature.TestDownloadSection" name="test_download_section_specific_section" time="11.127" /><testcase classname="backend.tests.test_download_feature.TestDownloadSection" name="test_download_section_invalid_password" time="0.942" /><testcase classname="backend.tests.test_download_feature.TestDownloadSection" name="test_download_section_invalid_chunk" time="0.375" /><testcase classname="backend.tests.test_download_feature.TestDownloadSection" name="test_download_section_nonexistent_gallery" time="0.110" /><testcase classname="backend.tests.test_download_feature.TestDownloadFiltering" name="test_download_excludes_hidden_photos" time="0.445" /><testcase classname="backend.tests.test_download_feature.TestChunkingLogic" name="test_chunk_size_limit" time="0.362" /><testcase classname="backend.tests.test_download_feature.TestChunkingLogic" name="test_multiple_chunks_for_large_gallery" time="0.350" /></testsuite></testsuites>