<?xml version="1.0" encoding="utf-8"?><testsuites name="pytest tests"><testsuite name="pytest" errors="0" failures="0" skipped="0" tests="15" time="50.552" timestamp="2026-02-08T13:11:26.597902+00:00" hostname="agent-env-5fa5d24e-cf51-4bb5-b64c-30154302217f"><testcase classname="backend.tests.test_download_feature.TestDownloadInfo" name="test_download_info_with_valid_password" time="0.884" /><testcase classname="backend.tests.test_download_feature.TestDownloadInfo" name="test_download_info_returns_sections" time="0.600" /><testcase classname="backend.tests.test_download_feature.TestDownloadInfo" name="test_download_info_chunk_calculation" time="0.682" /><testcase classname="backend.tests.test_download_feature.TestDownloadInfo" name="test_download_info_invalid_password" time="0.712" /><testcase classname="backend.tests.test_download_feature.TestDownloadInfo" name="test_download_info_missing_password" time="0.067" /><testcase classname="backend.tests.test_download_feature.TestDownloadInfo" name="test_download_info_nonexistent_gallery" time="0.191" /><testcase classname="backend.tests.test_download_feature.TestDownloadInfo" name="test_download_info_for_specific_section" time="1.144" /><testcase classname="backend.tests.test_download_feature.TestDownloadSection" name="test_download_section_all_photos_chunk1" time="20.357" /><testcase classname="backend.tests.test_download_feature.TestDownloadSection" name="test_download_section_specific_section" time="21.041" /><testcase classname="backend.tests.test_download_feature.TestDownloadSection" name="test_download_section_invalid_password" time="1.781" /><testcase classname="backend.tests.test_download_feature.TestDownloadSection" name="test_download_section_invalid_chunk" time="0.710" /><testcase classname="backend.tests.test_download_feature.TestDownloadSection" name="test_download_section_nonexistent_gallery" time="0.193" /><testcase classname="backend.tests.test_download_feature.TestDownloadFiltering" name="test_download_excludes_hidden_photos" time="0.782" /><testcase classname="backend.tests.test_download_feature.TestChunkingLogic" name="test_chunk_size_limit" time="0.598" /><testcase classname="backend.tests.test_download_feature.TestChunkingLogic" name="test_multiple_chunks_for_large_gallery" time="0.681" /></testsuite></testsuites>