<?xml version="1.0" encoding="utf-8"?><testsuites name="pytest tests"><testsuite name="pytest" errors="0" failures="0" skipped="0" tests="15" time="20.464" timestamp="2026-02-07T08:04:46.018744+00:00" hostname="agent-env-35262b67-d8c5-42c5-b562-61ff20357177"><testcase classname="backend.tests.test_fotoshare_section.TestFotoshareSection" name="test_01_health_check" time="13.468" /><testcase classname="backend.tests.test_fotoshare_section.TestFotoshareSection" name="test_02_login_success" time="0.436" /><testcase classname="backend.tests.test_fotoshare_section.TestFotoshareSection" name="test_03_get_gallery_exists" time="0.463" /><testcase classname="backend.tests.test_fotoshare_section.TestFotoshareSection" name="test_04_create_fotoshare_section_invalid_url" time="0.666" /><testcase classname="backend.tests.test_fotoshare_section.TestFotoshareSection" name="test_05_create_fotoshare_section_with_test_url" time="1.057" /><testcase classname="backend.tests.test_fotoshare_section.TestFotoshareSection" name="test_06_get_fotoshare_videos_empty" time="0.422" /><testcase classname="backend.tests.test_fotoshare_section.TestFotoshareSection" name="test_07_get_fotoshare_videos_by_share_link" time="0.439" /><testcase classname="backend.tests.test_fotoshare_section.TestFotoshareSection" name="test_08_refresh_fotoshare_section_not_found" time="0.415" /><testcase classname="backend.tests.test_fotoshare_section.TestFotoshareSection" name="test_09_delete_fotoshare_section_not_found" time="0.457" /><testcase classname="backend.tests.test_fotoshare_section.TestFotoshareSection" name="test_10_create_fotoshare_section_unauthorized" time="0.065" /><testcase classname="backend.tests.test_fotoshare_section.TestFotoshareSection" name="test_11_gallery_sections_include_fotoshare_type" time="0.452" /><testcase classname="backend.tests.test_fotoshare_section.TestFotoshareEndpointValidation" name="test_create_section_missing_name" time="0.795" /><testcase classname="backend.tests.test_fotoshare_section.TestFotoshareEndpointValidation" name="test_create_section_missing_url" time="0.438" /><testcase classname="backend.tests.test_fotoshare_section.TestFotoshareEndpointValidation" name="test_create_section_wrong_gallery" time="0.411" /><testcase classname="backend.tests.test_fotoshare_section.TestFotoshareEndpointValidation" name="test_get_videos_wrong_gallery" time="0.412" /></testsuite></testsuites>