<?xml version="1.0" encoding="utf-8"?><testsuites name="pytest tests"><testsuite name="pytest" errors="0" failures="0" skipped="0" tests="16" time="19.323" timestamp="2026-02-10T01:20:33.691086+00:00" hostname="agent-env-084bb476-f1f3-42df-8ffa-e185672d0183"><testcase classname="backend.tests.test_gdrive_section.TestGoogleDriveSectionAPI" name="test_login_success" time="5.715" /><testcase classname="backend.tests.test_gdrive_section.TestGoogleDriveSectionAPI" name="test_create_gdrive_section_invalid_url" time="1.582" /><testcase classname="backend.tests.test_gdrive_section.TestGoogleDriveSectionAPI" name="test_create_gdrive_section_missing_url" time="1.333" /><testcase classname="backend.tests.test_gdrive_section.TestGoogleDriveSectionAPI" name="test_create_gdrive_section_nonexistent_gallery" time="1.127" /><testcase classname="backend.tests.test_gdrive_section.TestGoogleDriveSectionAPI" name="test_create_gdrive_section_unauthorized" time="0.072" /><testcase classname="backend.tests.test_gdrive_section.TestGoogleDriveSectionAPI" name="test_refresh_gdrive_section_nonexistent" time="1.601" /><testcase classname="backend.tests.test_gdrive_section.TestGoogleDriveSectionAPI" name="test_refresh_gdrive_section_unauthorized" time="0.224" /><testcase classname="backend.tests.test_gdrive_section.TestGoogleDriveSectionAPI" name="test_get_public_gdrive_photos_nonexistent_gallery" time="0.325" /><testcase classname="backend.tests.test_gdrive_section.TestGoogleDriveSectionAPI" name="test_get_public_gdrive_photos_valid_gallery" time="2.280" /><testcase classname="backend.tests.test_gdrive_section.TestGoogleDriveSectionAPI" name="test_gdrive_proxy_invalid_file_id" time="0.414" /><testcase classname="backend.tests.test_gdrive_section.TestGoogleDriveSectionAPI" name="test_delete_gdrive_section_nonexistent" time="2.285" /><testcase classname="backend.tests.test_gdrive_section.TestGoogleDriveSectionAPI" name="test_delete_gdrive_section_unauthorized" time="0.152" /><testcase classname="backend.tests.test_gdrive_section.TestGoogleDriveSectionAPI" name="test_toggle_highlight_nonexistent_photo" time="1.929" /><testcase classname="backend.tests.test_gdrive_section.TestGoogleDriveSectionAPI" name="test_toggle_highlight_unauthorized" time="0.172" /><testcase classname="backend.tests.test_gdrive_section.TestGoogleDriveURLExtraction" name="test_valid_gdrive_urls" time="0.001" /><testcase classname="backend.tests.test_gdrive_section.TestGoogleDriveURLExtraction" name="test_invalid_gdrive_urls" time="0.008" /></testsuite></testsuites>