<?xml version="1.0" encoding="utf-8"?><testsuites name="pytest tests"><testsuite name="pytest" errors="0" failures="0" skipped="1" tests="12" time="8.925" timestamp="2026-02-10T01:53:55.986266+00:00" hostname="agent-env-084bb476-f1f3-42df-8ffa-e185672d0183"><testcase classname="backend.tests.test_gdrive_contributor.TestGdriveContributorFeature" name="test_01_login_success" time="0.682" /><testcase classname="backend.tests.test_gdrive_contributor.TestGdriveContributorFeature" name="test_02_get_galleries" time="1.108" /><testcase classname="backend.tests.test_gdrive_contributor.TestGdriveContributorFeature" name="test_03_create_empty_gdrive_section" time="1.794" /><testcase classname="backend.tests.test_gdrive_contributor.TestGdriveContributorFeature" name="test_04_generate_contributor_link_for_gdrive" time="1.093"><skipped type="pytest.skip" message="No gdrive section found">/app/backend/tests/test_gdrive_contributor.py:117: No gdrive section found</skipped></testcase><testcase classname="backend.tests.test_gdrive_contributor.TestGdriveContributorFeature" name="test_05_access_contributor_page" time="0.728" /><testcase classname="backend.tests.test_gdrive_contributor.TestGdriveContributorFeature" name="test_06_contributor_page_invalid_link" time="0.310" /><testcase classname="backend.tests.test_gdrive_contributor.TestGdriveContributorFeature" name="test_07_submit_gdrive_url_missing_name" time="0.078" /><testcase classname="backend.tests.test_gdrive_contributor.TestGdriveContributorFeature" name="test_08_submit_gdrive_url_missing_url" time="0.069" /><testcase classname="backend.tests.test_gdrive_contributor.TestGdriveContributorFeature" name="test_09_submit_gdrive_invalid_url" time="0.072" /><testcase classname="backend.tests.test_gdrive_contributor.TestGdriveContributorFeature" name="test_10_verify_gdrive_section_has_contributor_link" time="1.097" /><testcase classname="backend.tests.test_gdrive_contributor.TestGdriveContributorFeature" name="test_11_cleanup_test_sections" time="1.117" /><testcase classname="backend.tests.test_gdrive_contributor.TestGdriveUrlPrefixRouting" name="test_contributor_endpoint_returns_gdrive_type" time="0.723" /></testsuite></testsuites>