<?xml version="1.0" encoding="utf-8"?><testsuites name="pytest tests"><testsuite name="pytest" errors="0" failures="2" skipped="0" tests="16" time="17.743" timestamp="2026-02-10T01:19:50.412840+00:00" hostname="agent-env-084bb476-f1f3-42df-8ffa-e185672d0183"><testcase classname="backend.tests.test_gdrive_section.TestGoogleDriveSectionAPI" name="test_login_success" time="4.584" /><testcase classname="backend.tests.test_gdrive_section.TestGoogleDriveSectionAPI" name="test_create_gdrive_section_invalid_url" time="1.688" /><testcase classname="backend.tests.test_gdrive_section.TestGoogleDriveSectionAPI" name="test_create_gdrive_section_missing_url" time="1.363" /><testcase classname="backend.tests.test_gdrive_section.TestGoogleDriveSectionAPI" name="test_create_gdrive_section_nonexistent_gallery" time="1.148" /><testcase classname="backend.tests.test_gdrive_section.TestGoogleDriveSectionAPI" name="test_create_gdrive_section_unauthorized" time="0.129" /><testcase classname="backend.tests.test_gdrive_section.TestGoogleDriveSectionAPI" name="test_refresh_gdrive_section_nonexistent" time="1.794" /><testcase classname="backend.tests.test_gdrive_section.TestGoogleDriveSectionAPI" name="test_refresh_gdrive_section_unauthorized" time="0.135" /><testcase classname="backend.tests.test_gdrive_section.TestGoogleDriveSectionAPI" name="test_get_public_gdrive_photos_nonexistent_gallery" time="0.349" /><testcase classname="backend.tests.test_gdrive_section.TestGoogleDriveSectionAPI" name="test_get_public_gdrive_photos_valid_gallery" time="2.237"><failure message="AssertionError: Expected 200, got 404: {&quot;detail&quot;:&quot;Gallery not found&quot;}&#10;assert 404 == 200&#10; +  where 404 = &lt;Response [404]&gt;.status_code">backend/tests/test_gdrive_section.py:216: in test_get_public_gdrive_photos_valid_gallery
    assert response.status_code == 200, f"Expected 200, got {response.status_code}: {response.text}"
E   AssertionError: Expected 200, got 404: {"detail":"Gallery not found"}
E   assert 404 == 200
E    +  where 404 = &lt;Response [404]&gt;.status_code</failure></testcase><testcase classname="backend.tests.test_gdrive_section.TestGoogleDriveSectionAPI" name="test_gdrive_proxy_invalid_file_id" time="0.275"><failure message="AssertionError: Expected error code, got 520&#10;assert 520 in [400, 404, 500, 502, 503]&#10; +  where 520 = &lt;Response [520]&gt;.status_code">backend/tests/test_gdrive_section.py:231: in test_gdrive_proxy_invalid_file_id
    assert response.status_code in [400, 404, 500, 502, 503], f"Expected error code, got {response.status_code}"
E   AssertionError: Expected error code, got 520
E   assert 520 in [400, 404, 500, 502, 503]
E    +  where 520 = &lt;Response [520]&gt;.status_code</failure></testcase><testcase classname="backend.tests.test_gdrive_section.TestGoogleDriveSectionAPI" name="test_delete_gdrive_section_nonexistent" time="1.973" /><testcase classname="backend.tests.test_gdrive_section.TestGoogleDriveSectionAPI" name="test_delete_gdrive_section_unauthorized" time="0.070" /><testcase classname="backend.tests.test_gdrive_section.TestGoogleDriveSectionAPI" name="test_toggle_highlight_nonexistent_photo" time="1.780" /><testcase classname="backend.tests.test_gdrive_section.TestGoogleDriveSectionAPI" name="test_toggle_highlight_unauthorized" time="0.068" /><testcase classname="backend.tests.test_gdrive_section.TestGoogleDriveURLExtraction" name="test_valid_gdrive_urls" time="0.001" /><testcase classname="backend.tests.test_gdrive_section.TestGoogleDriveURLExtraction" name="test_invalid_gdrive_urls" time="0.001" /></testsuite></testsuites>