<?xml version="1.0" encoding="utf-8"?><testsuites name="pytest tests"><testsuite name="pytest" errors="0" failures="0" skipped="0" tests="23" time="2.684" timestamp="2026-02-03T22:13:52.115969+00:00" hostname="agent-env-7986e300-7361-4aef-a74c-4b75a4c5db3c"><testcase classname="backend.tests.test_global_feature_toggles.TestHealthCheck" name="test_api_health" time="0.111" /><testcase classname="backend.tests.test_global_feature_toggles.TestGetGlobalFeatureToggles" name="test_get_global_toggles_requires_admin" time="0.090" /><testcase classname="backend.tests.test_global_feature_toggles.TestGetGlobalFeatureToggles" name="test_get_global_toggles_returns_all_modes_and_plans" time="0.138" /><testcase classname="backend.tests.test_global_feature_toggles.TestGetGlobalFeatureToggles" name="test_override_modes_have_correct_structure" time="0.070" /><testcase classname="backend.tests.test_global_feature_toggles.TestGetGlobalFeatureToggles" name="test_payment_plans_have_correct_structure" time="0.074" /><testcase classname="backend.tests.test_global_feature_toggles.TestGetGlobalFeatureToggles" name="test_founders_circle_has_unlimited_token_enabled" time="0.071" /><testcase classname="backend.tests.test_global_feature_toggles.TestGetGlobalFeatureToggles" name="test_comped_standard_has_display_mode_disabled" time="0.065" /><testcase classname="backend.tests.test_global_feature_toggles.TestGetGlobalFeatureToggles" name="test_standard_plan_has_display_mode_disabled" time="0.065" /><testcase classname="backend.tests.test_global_feature_toggles.TestUpdateGlobalFeatureToggles" name="test_update_global_toggles_requires_admin" time="0.066" /><testcase classname="backend.tests.test_global_feature_toggles.TestUpdateGlobalFeatureToggles" name="test_update_global_toggles_saves_all_features" time="0.081" /><testcase classname="backend.tests.test_global_feature_toggles.TestUpdateGlobalFeatureToggles" name="test_update_and_verify_persistence" time="0.201" /><testcase classname="backend.tests.test_global_feature_toggles.TestUpdateSingleModeFeatures" name="test_update_single_mode_requires_admin" time="0.067" /><testcase classname="backend.tests.test_global_feature_toggles.TestUpdateSingleModeFeatures" name="test_update_single_mode_validates_mode_name" time="0.072" /><testcase classname="backend.tests.test_global_feature_toggles.TestUpdateSingleModeFeatures" name="test_update_single_mode_validates_feature_keys" time="0.066" /><testcase classname="backend.tests.test_global_feature_toggles.TestUpdateSingleModeFeatures" name="test_update_single_mode_success" time="0.073" /><testcase classname="backend.tests.test_global_feature_toggles.TestUserFeatures" name="test_user_features_requires_auth" time="0.068" /><testcase classname="backend.tests.test_global_feature_toggles.TestUserFeatures" name="test_user_features_returns_resolved_features" time="0.479" /><testcase classname="backend.tests.test_global_feature_toggles.TestUserFeatures" name="test_user_features_authority_source_is_payment_plan" time="0.075" /><testcase classname="backend.tests.test_global_feature_toggles.TestAdminUserFeatures" name="test_admin_user_features_requires_admin" time="0.072" /><testcase classname="backend.tests.test_global_feature_toggles.TestAdminUserFeatures" name="test_admin_user_features_returns_resolved_features" time="0.068" /><testcase classname="backend.tests.test_global_feature_toggles.TestAdminUserFeatures" name="test_admin_user_features_404_for_invalid_user" time="0.066" /><testcase classname="backend.tests.test_global_feature_toggles.TestAuthorityHierarchy" name="test_assign_override_and_verify_authority" time="0.336" /><testcase classname="backend.tests.test_global_feature_toggles.TestFeatureDefinitions" name="test_feature_definitions_present" time="0.067" /></testsuite></testsuites>