<?xml version="1.0" encoding="utf-8"?><testsuites name="pytest tests"><testsuite name="pytest" errors="0" failures="0" skipped="0" tests="12" time="2.581" timestamp="2026-02-01T00:58:20.323654+00:00" hostname="agent-env-1e489dec-4633-4272-9e26-9e07a40b33a8"><testcase classname="backend.tests.test_new_feature_endpoints.TestPublicGalleryEndpoints" name="test_public_gallery_loads" time="0.137" /><testcase classname="backend.tests.test_new_feature_endpoints.TestPublicGalleryEndpoints" name="test_public_gallery_photos" time="0.155" /><testcase classname="backend.tests.test_new_feature_endpoints.TestPublicGalleryEndpoints" name="test_share_link_format" time="0.093" /><testcase classname="backend.tests.test_new_feature_endpoints.TestLandingConfigEndpoints" name="test_public_landing_config" time="0.112" /><testcase classname="backend.tests.test_new_feature_endpoints.TestLandingConfigEndpoints" name="test_admin_can_update_landing_config" time="0.240" /><testcase classname="backend.tests.test_new_feature_endpoints.TestAdminEndpoints" name="test_admin_login" time="0.072" /><testcase classname="backend.tests.test_new_feature_endpoints.TestAdminEndpoints" name="test_admin_landing_config_fields" time="0.138" /><testcase classname="backend.tests.test_new_feature_endpoints.TestPhotographerGalleryEndpoints" name="test_photographer_login" time="0.408" /><testcase classname="backend.tests.test_new_feature_endpoints.TestPhotographerGalleryEndpoints" name="test_gallery_has_share_link" time="0.478" /><testcase classname="backend.tests.test_new_feature_endpoints.TestPhotographerGalleryEndpoints" name="test_gallery_detail_for_embed" time="0.479" /><testcase classname="backend.tests.test_new_feature_endpoints.TestEmbedCodeGeneration" name="test_embed_url_parameters" time="0.085" /><testcase classname="backend.tests.test_new_feature_endpoints.TestEmbedCodeGeneration" name="test_public_gallery_for_iframe" time="0.073" /></testsuite></testsuites>