<?xml version="1.0" encoding="utf-8"?><testsuites name="pytest tests"><testsuite name="pytest" errors="0" failures="12" skipped="0" tests="26" time="10.519" timestamp="2026-01-31T04:43:05.372188+00:00" hostname="agent-env-2e444267-dec7-4a6e-8a84-6eed5ee67606"><testcase classname="backend.tests.test_new_features.TestPhotographerAnalytics" name="test_photographer_analytics_endpoint_exists" time="1.552" /><testcase classname="backend.tests.test_new_features.TestPhotographerAnalytics" name="test_photographer_analytics_response_structure" time="0.049" /><testcase classname="backend.tests.test_new_features.TestPhotographerAnalytics" name="test_photographer_analytics_storage_quota_default" time="0.071" /><testcase classname="backend.tests.test_new_features.TestAdminAnalytics" name="test_admin_analytics_endpoint_exists" time="0.081" /><testcase classname="backend.tests.test_new_features.TestAdminAnalytics" name="test_admin_analytics_response_structure" time="0.175" /><testcase classname="backend.tests.test_new_features.TestAdminAnalytics" name="test_admin_analytics_requires_auth" time="0.037" /><testcase classname="backend.tests.test_new_features.TestStorageQuotaManagement" name="test_update_storage_quota_endpoint" time="0.814" /><testcase classname="backend.tests.test_new_features.TestStorageQuotaManagement" name="test_storage_quota_persisted" time="0.089" /><testcase classname="backend.tests.test_new_features.TestStorageQuotaManagement" name="test_storage_quota_requires_admin" time="0.061" /><testcase classname="backend.tests.test_new_features.TestStorageTracking" name="test_storage_increases_on_upload" time="1.430"><failure message="AssertionError: Upload failed: {&quot;detail&quot;:[{&quot;type&quot;:&quot;missing&quot;,&quot;loc&quot;:[&quot;body&quot;,&quot;file&quot;],&quot;msg&quot;:&quot;Field required&quot;,&quot;input&quot;:null,&quot;url&quot;:&quot;https://errors.pydantic.dev/2.12/v/missing&quot;}]}&#10;assert 422 == 200&#10; +  where 422 = &lt;Response [422]&gt;.status_code">backend/tests/test_new_features.py:285: in test_storage_increases_on_upload
    assert upload_response.status_code == 200, f"Upload failed: {upload_response.text}"
E   AssertionError: Upload failed: {"detail":[{"type":"missing","loc":["body","file"],"msg":"Field required","input":null,"url":"https://errors.pydantic.dev/2.12/v/missing"}]}
E   assert 422 == 200
E    +  where 422 = &lt;Response [422]&gt;.status_code</failure></testcase><testcase classname="backend.tests.test_new_features.TestStorageTracking" name="test_storage_decreases_on_delete" time="0.035"><failure message="assert 422 == 200&#10; +  where 422 = &lt;Response [422]&gt;.status_code">backend/tests/test_new_features.py:313: in test_storage_decreases_on_delete
    assert upload_response.status_code == 200
E   assert 422 == 200
E    +  where 422 = &lt;Response [422]&gt;.status_code</failure></testcase><testcase classname="backend.tests.test_new_features.TestGalleryAutoDeleteDate" name="test_new_gallery_has_auto_delete_date" time="0.790" /><testcase classname="backend.tests.test_new_features.TestGalleryAutoDeleteDate" name="test_gallery_has_days_until_deletion" time="0.027"><failure message="assert 403 == 200&#10; +  where 403 = &lt;Response [403]&gt;.status_code">backend/tests/test_new_features.py:394: in test_gallery_has_days_until_deletion
    assert create_response.status_code == 200
E   assert 403 == 200
E    +  where 403 = &lt;Response [403]&gt;.status_code</failure></testcase><testcase classname="backend.tests.test_new_features.TestGalleryViewTracking" name="test_view_tracking_endpoint_exists" time="0.986" /><testcase classname="backend.tests.test_new_features.TestGalleryViewTracking" name="test_view_count_increments" time="0.117" /><testcase classname="backend.tests.test_new_features.TestGalleryViewTracking" name="test_view_tracking_invalid_share_link" time="0.056" /><testcase classname="backend.tests.test_new_features.TestNewThemes" name="test_new_theme_can_be_used[party]" time="0.954" /><testcase classname="backend.tests.test_new_features.TestNewThemes" name="test_new_theme_can_be_used[tropical]" time="0.113"><failure message="AssertionError: Failed to create gallery with theme 'tropical': Web server returned an unknown error&#10;  &#10;assert 520 == 200&#10; +  where 520 = &lt;Response [520]&gt;.status_code">backend/tests/test_new_features.py:523: in test_new_theme_can_be_used
    assert response.status_code == 200, f"Failed to create gallery with theme '{theme}': {response.text}"
E   AssertionError: Failed to create gallery with theme 'tropical': Web server returned an unknown error
E     
E   assert 520 == 200
E    +  where 520 = &lt;Response [520]&gt;.status_code</failure></testcase><testcase classname="backend.tests.test_new_features.TestNewThemes" name="test_new_theme_can_be_used[sunset]" time="0.031"><failure message="AssertionError: Failed to create gallery with theme 'sunset': {&quot;detail&quot;:&quot;Gallery limit reached (1). Please contact administrator to add more galleries.&quot;}&#10;assert 403 == 200&#10; +  where 403 = &lt;Response [403]&gt;.status_code">backend/tests/test_new_features.py:523: in test_new_theme_can_be_used
    assert response.status_code == 200, f"Failed to create gallery with theme '{theme}': {response.text}"
E   AssertionError: Failed to create gallery with theme 'sunset': {"detail":"Gallery limit reached (1). Please contact administrator to add more galleries."}
E   assert 403 == 200
E    +  where 403 = &lt;Response [403]&gt;.status_code</failure></testcase><testcase classname="backend.tests.test_new_features.TestNewThemes" name="test_new_theme_can_be_used[neon]" time="0.026"><failure message="AssertionError: Failed to create gallery with theme 'neon': {&quot;detail&quot;:&quot;Gallery limit reached (1). Please contact administrator to add more galleries.&quot;}&#10;assert 403 == 200&#10; +  where 403 = &lt;Response [403]&gt;.status_code">backend/tests/test_new_features.py:523: in test_new_theme_can_be_used
    assert response.status_code == 200, f"Failed to create gallery with theme '{theme}': {response.text}"
E   AssertionError: Failed to create gallery with theme 'neon': {"detail":"Gallery limit reached (1). Please contact administrator to add more galleries."}
E   assert 403 == 200
E    +  where 403 = &lt;Response [403]&gt;.status_code</failure></testcase><testcase classname="backend.tests.test_new_features.TestNewThemes" name="test_new_theme_can_be_used[garden]" time="0.017"><failure message="AssertionError: Failed to create gallery with theme 'garden': {&quot;detail&quot;:&quot;Gallery limit reached (1). Please contact administrator to add more galleries.&quot;}&#10;assert 403 == 200&#10; +  where 403 = &lt;Response [403]&gt;.status_code">backend/tests/test_new_features.py:523: in test_new_theme_can_be_used
    assert response.status_code == 200, f"Failed to create gallery with theme '{theme}': {response.text}"
E   AssertionError: Failed to create gallery with theme 'garden': {"detail":"Gallery limit reached (1). Please contact administrator to add more galleries."}
E   assert 403 == 200
E    +  where 403 = &lt;Response [403]&gt;.status_code</failure></testcase><testcase classname="backend.tests.test_new_features.TestNewThemes" name="test_new_theme_can_be_used[lavender]" time="0.031"><failure message="AssertionError: Failed to create gallery with theme 'lavender': {&quot;detail&quot;:&quot;Gallery limit reached (1). Please contact administrator to add more galleries.&quot;}&#10;assert 403 == 200&#10; +  where 403 = &lt;Response [403]&gt;.status_code">backend/tests/test_new_features.py:523: in test_new_theme_can_be_used
    assert response.status_code == 200, f"Failed to create gallery with theme '{theme}': {response.text}"
E   AssertionError: Failed to create gallery with theme 'lavender': {"detail":"Gallery limit reached (1). Please contact administrator to add more galleries."}
E   assert 403 == 200
E    +  where 403 = &lt;Response [403]&gt;.status_code</failure></testcase><testcase classname="backend.tests.test_new_features.TestNewThemes" name="test_new_theme_can_be_used[corporate]" time="0.021"><failure message="AssertionError: Failed to create gallery with theme 'corporate': {&quot;detail&quot;:&quot;Gallery limit reached (1). Please contact administrator to add more galleries.&quot;}&#10;assert 403 == 200&#10; +  where 403 = &lt;Response [403]&gt;.status_code">backend/tests/test_new_features.py:523: in test_new_theme_can_be_used
    assert response.status_code == 200, f"Failed to create gallery with theme '{theme}': {response.text}"
E   AssertionError: Failed to create gallery with theme 'corporate': {"detail":"Gallery limit reached (1). Please contact administrator to add more galleries."}
E   assert 403 == 200
E    +  where 403 = &lt;Response [403]&gt;.status_code</failure></testcase><testcase classname="backend.tests.test_new_features.TestNewThemes" name="test_new_theme_can_be_used[christmas]" time="0.018"><failure message="AssertionError: Failed to create gallery with theme 'christmas': {&quot;detail&quot;:&quot;Gallery limit reached (1). Please contact administrator to add more galleries.&quot;}&#10;assert 403 == 200&#10; +  where 403 = &lt;Response [403]&gt;.status_code">backend/tests/test_new_features.py:523: in test_new_theme_can_be_used
    assert response.status_code == 200, f"Failed to create gallery with theme '{theme}': {response.text}"
E   AssertionError: Failed to create gallery with theme 'christmas': {"detail":"Gallery limit reached (1). Please contact administrator to add more galleries."}
E   assert 403 == 200
E    +  where 403 = &lt;Response [403]&gt;.status_code</failure></testcase><testcase classname="backend.tests.test_new_features.TestNewThemes" name="test_new_theme_can_be_used[minimalist]" time="0.023"><failure message="AssertionError: Failed to create gallery with theme 'minimalist': {&quot;detail&quot;:&quot;Gallery limit reached (1). Please contact administrator to add more galleries.&quot;}&#10;assert 403 == 200&#10; +  where 403 = &lt;Response [403]&gt;.status_code">backend/tests/test_new_features.py:523: in test_new_theme_can_be_used
    assert response.status_code == 200, f"Failed to create gallery with theme '{theme}': {response.text}"
E   AssertionError: Failed to create gallery with theme 'minimalist': {"detail":"Gallery limit reached (1). Please contact administrator to add more galleries."}
E   assert 403 == 200
E    +  where 403 = &lt;Response [403]&gt;.status_code</failure></testcase><testcase classname="backend.tests.test_new_features.TestStorageQuotaEnforcement" name="test_upload_rejected_when_quota_exceeded" time="1.061"><failure message="AssertionError: Expected 403 (quota exceeded), got 422&#10;assert 422 == 403&#10; +  where 422 = &lt;Response [422]&gt;.status_code">backend/tests/test_new_features.py:596: in test_upload_rejected_when_quota_exceeded
    assert response.status_code == 403, f"Expected 403 (quota exceeded), got {response.status_code}"
E   AssertionError: Expected 403 (quota exceeded), got 422
E   assert 422 == 403
E    +  where 422 = &lt;Response [422]&gt;.status_code</failure></testcase></testsuite></testsuites>