<?xml version="1.0" encoding="utf-8"?><testsuites name="pytest tests"><testsuite name="pytest" errors="0" failures="0" skipped="0" tests="15" time="4.719" timestamp="2026-02-03T21:41:43.571095+00:00" hostname="agent-env-7986e300-7361-4aef-a74c-4b75a4c5db3c"><testcase classname="tests.test_notifications_transactions.TestNotificationEndpoints" name="test_health_check" time="0.144" /><testcase classname="tests.test_notifications_transactions.TestNotificationEndpoints" name="test_admin_login" time="0.097" /><testcase classname="tests.test_notifications_transactions.TestNotificationEndpoints" name="test_get_notifications_endpoint_exists" time="0.522" /><testcase classname="tests.test_notifications_transactions.TestNotificationEndpoints" name="test_get_unread_count_endpoint" time="0.670" /><testcase classname="tests.test_notifications_transactions.TestNotificationEndpoints" name="test_mark_all_notifications_read" time="0.463" /><testcase classname="tests.test_notifications_transactions.TestNotificationEndpoints" name="test_notifications_require_auth" time="0.147" /><testcase classname="tests.test_notifications_transactions.TestTransactionEndpoints" name="test_admin_get_all_transactions" time="0.089" /><testcase classname="tests.test_notifications_transactions.TestTransactionEndpoints" name="test_admin_get_user_transactions" time="0.120" /><testcase classname="tests.test_notifications_transactions.TestTransactionEndpoints" name="test_user_get_own_transactions" time="0.556" /><testcase classname="tests.test_notifications_transactions.TestTransactionEndpoints" name="test_transactions_require_admin_auth" time="0.529" /><testcase classname="tests.test_notifications_transactions.TestPaymentStatusAndDispute" name="test_get_payment_status_endpoint" time="0.490" /><testcase classname="tests.test_notifications_transactions.TestPaymentStatusAndDispute" name="test_payment_dispute_endpoint_exists" time="0.473" /><testcase classname="tests.test_notifications_transactions.TestPaymentStatusAndDispute" name="test_payment_dispute_requires_auth" time="0.092" /><testcase classname="tests.test_notifications_transactions.TestNotificationCreationOnPaymentActions" name="test_admin_approve_payment_endpoint_exists" time="0.106" /><testcase classname="tests.test_notifications_transactions.TestNotificationCreationOnPaymentActions" name="test_admin_reject_payment_endpoint_exists" time="0.097" /></testsuite></testsuites>