<?xml version="1.0" encoding="utf-8"?><testsuites name="pytest tests"><testsuite name="pytest" errors="0" failures="1" skipped="0" tests="15" time="4.152" timestamp="2026-02-03T21:40:56.478913+00:00" hostname="agent-env-7986e300-7361-4aef-a74c-4b75a4c5db3c"><testcase classname="tests.test_notifications_transactions.TestNotificationEndpoints" name="test_health_check" time="0.186" /><testcase classname="tests.test_notifications_transactions.TestNotificationEndpoints" name="test_admin_login" time="0.072" /><testcase classname="tests.test_notifications_transactions.TestNotificationEndpoints" name="test_get_notifications_endpoint_exists" time="0.487" /><testcase classname="tests.test_notifications_transactions.TestNotificationEndpoints" name="test_get_unread_count_endpoint" time="0.429" /><testcase classname="tests.test_notifications_transactions.TestNotificationEndpoints" name="test_mark_all_notifications_read" time="0.461" /><testcase classname="tests.test_notifications_transactions.TestNotificationEndpoints" name="test_notifications_require_auth" time="0.089" /><testcase classname="tests.test_notifications_transactions.TestTransactionEndpoints" name="test_admin_get_all_transactions" time="0.085" /><testcase classname="tests.test_notifications_transactions.TestTransactionEndpoints" name="test_admin_get_user_transactions" time="0.153" /><testcase classname="tests.test_notifications_transactions.TestTransactionEndpoints" name="test_user_get_own_transactions" time="0.428" /><testcase classname="tests.test_notifications_transactions.TestTransactionEndpoints" name="test_transactions_require_admin_auth" time="0.442" /><testcase classname="tests.test_notifications_transactions.TestPaymentStatusAndDispute" name="test_get_payment_status_endpoint" time="0.423" /><testcase classname="tests.test_notifications_transactions.TestPaymentStatusAndDispute" name="test_payment_dispute_endpoint_exists" time="0.426"><failure message="assert 422 in [200, 400]&#10; +  where 422 = &lt;Response [422]&gt;.status_code">tests/test_notifications_transactions.py:355: in test_payment_dispute_endpoint_exists
    assert response.status_code in [200, 400]
E   assert 422 in [200, 400]
E    +  where 422 = &lt;Response [422]&gt;.status_code</failure></testcase><testcase classname="tests.test_notifications_transactions.TestPaymentStatusAndDispute" name="test_payment_dispute_requires_auth" time="0.065" /><testcase classname="tests.test_notifications_transactions.TestNotificationCreationOnPaymentActions" name="test_admin_approve_payment_endpoint_exists" time="0.124" /><testcase classname="tests.test_notifications_transactions.TestNotificationCreationOnPaymentActions" name="test_admin_reject_payment_endpoint_exists" time="0.126" /></testsuite></testsuites>