<?xml version="1.0" encoding="utf-8"?><testsuites name="pytest tests"><testsuite name="pytest" errors="0" failures="0" skipped="0" tests="12" time="34.342" timestamp="2026-02-10T03:42:30.816879+00:00" hostname="agent-env-084bb476-f1f3-42df-8ffa-e185672d0183"><testcase classname="backend.tests.test_pcloud_contributor.TestPcloudSectionCreation" name="test_create_pcloud_section_without_viewing_url" time="8.890" /><testcase classname="backend.tests.test_pcloud_contributor.TestPcloudSectionCreation" name="test_create_pcloud_section_requires_name_when_no_url" time="1.144" /><testcase classname="backend.tests.test_pcloud_contributor.TestPcloudSectionCreation" name="test_create_pcloud_section_with_both_links" time="1.326" /><testcase classname="backend.tests.test_pcloud_contributor.TestPcloudContributorLink" name="test_generate_contributor_link_for_pcloud_section" time="2.917" /><testcase classname="backend.tests.test_pcloud_contributor.TestPcloudContributorLink" name="test_access_pcloud_contributor_page" time="3.844" /><testcase classname="backend.tests.test_pcloud_contributor.TestPcloudContributorSubmission" name="test_submit_pcloud_requires_name" time="3.198" /><testcase classname="backend.tests.test_pcloud_contributor.TestPcloudContributorSubmission" name="test_submit_pcloud_requires_viewing_url" time="3.129" /><testcase classname="backend.tests.test_pcloud_contributor.TestPcloudContributorSubmission" name="test_submit_pcloud_validates_url_format" time="3.184" /><testcase classname="backend.tests.test_pcloud_contributor.TestAutoSyncTasks" name="test_backend_logs_show_autosync_started" time="0.017" /><testcase classname="backend.tests.test_pcloud_contributor.TestPublicGalleryContributors" name="test_public_gallery_has_contributors_field" time="0.764" /><testcase classname="backend.tests.test_pcloud_contributor.TestPublicGalleryContributors" name="test_public_gallery_contributors_structure" time="0.757" /><testcase classname="backend.tests.test_pcloud_contributor.TestCleanup" name="test_cleanup_test_sections" time="5.006" /></testsuite></testsuites>