<?xml version="1.0" encoding="utf-8"?><testsuites name="pytest tests"><testsuite name="pytest" errors="0" failures="0" skipped="0" tests="26" time="28.194" timestamp="2026-01-31T00:24:19.566846+00:00" hostname="agent-env-9bcb4727-5ecf-446e-9e40-588e3bde6a92"><testcase classname="backend.tests.test_photoshare_api.TestAuthentication" name="test_register_new_user" time="1.786" /><testcase classname="backend.tests.test_photoshare_api.TestAuthentication" name="test_login_existing_user" time="2.072" /><testcase classname="backend.tests.test_photoshare_api.TestAuthentication" name="test_login_invalid_credentials" time="0.196" /><testcase classname="backend.tests.test_photoshare_api.TestAuthentication" name="test_get_current_user" time="0.027" /><testcase classname="backend.tests.test_photoshare_api.TestGalleryManagement" name="test_create_gallery_basic" time="0.075" /><testcase classname="backend.tests.test_photoshare_api.TestGalleryManagement" name="test_create_gallery_with_theme" time="0.031" /><testcase classname="backend.tests.test_photoshare_api.TestGalleryManagement" name="test_create_protected_gallery" time="2.170" /><testcase classname="backend.tests.test_photoshare_api.TestGalleryManagement" name="test_get_galleries_list" time="0.118" /><testcase classname="backend.tests.test_photoshare_api.TestGalleryManagement" name="test_get_single_gallery" time="0.094" /><testcase classname="backend.tests.test_photoshare_api.TestGalleryManagement" name="test_update_gallery" time="0.175" /><testcase classname="backend.tests.test_photoshare_api.TestPhotoUpload" name="test_upload_photo_to_gallery" time="0.496" /><testcase classname="backend.tests.test_photoshare_api.TestPhotoUpload" name="test_get_gallery_photos" time="0.302" /><testcase classname="backend.tests.test_photoshare_api.TestPublicGalleryAccess" name="test_access_public_gallery_via_share_link" time="0.300" /><testcase classname="backend.tests.test_photoshare_api.TestPublicGalleryAccess" name="test_get_public_gallery_photos" time="0.279" /><testcase classname="backend.tests.test_photoshare_api.TestGuestUpload" name="test_guest_can_upload_photo" time="0.232" /><testcase classname="backend.tests.test_photoshare_api.TestProtectedGallery" name="test_verify_correct_password" time="2.308" /><testcase classname="backend.tests.test_photoshare_api.TestProtectedGallery" name="test_reject_wrong_password" time="2.106" /><testcase classname="backend.tests.test_photoshare_api.TestProtectedGallery" name="test_guest_upload_with_password" time="3.152" /><testcase classname="backend.tests.test_photoshare_api.TestPhotoDownload" name="test_serve_individual_photo" time="2.547" /><testcase classname="backend.tests.test_photoshare_api.TestPhotoDownload" name="test_download_individual_photo" time="1.809" /><testcase classname="backend.tests.test_photoshare_api.TestPhotoDownload" name="test_bulk_download_with_password" time="2.981" /><testcase classname="backend.tests.test_photoshare_api.TestPhotoDownload" name="test_bulk_download_wrong_password" time="3.010" /><testcase classname="backend.tests.test_photoshare_api.TestSectionManagement" name="test_create_section" time="0.345" /><testcase classname="backend.tests.test_photoshare_api.TestSectionManagement" name="test_get_sections" time="0.301" /><testcase classname="backend.tests.test_photoshare_api.TestPhotoDelete" name="test_delete_photo" time="0.405" /><testcase classname="backend.tests.test_photoshare_api.TestCoverPhoto" name="test_upload_cover_photo" time="0.293" /></testsuite></testsuites>