<?xml version="1.0" encoding="utf-8"?><testsuites name="pytest tests"><testsuite name="pytest" errors="0" failures="0" skipped="0" tests="19" time="15.792" timestamp="2026-02-03T15:10:47.265134+00:00" hostname="agent-env-719ab3b4-3532-4461-9448-678957be50fd"><testcase classname="tests.test_subscription_billing.TestHealthAndSetup" name="test_api_health" time="0.264" /><testcase classname="tests.test_subscription_billing.TestAdminLogin" name="test_admin_login_success" time="0.300" /><testcase classname="tests.test_subscription_billing.TestAdminLogin" name="test_admin_login_invalid" time="0.203" /><testcase classname="tests.test_subscription_billing.TestUserLogin" name="test_free_user_login" time="0.721" /><testcase classname="tests.test_subscription_billing.TestUserLogin" name="test_comped_pro_user_login" time="1.181" /><testcase classname="tests.test_subscription_billing.TestSubscriptionEndpoints" name="test_get_subscription_free_user" time="1.516" /><testcase classname="tests.test_subscription_billing.TestSubscriptionEndpoints" name="test_get_subscription_comped_pro_user" time="1.257" /><testcase classname="tests.test_subscription_billing.TestSubscriptionEndpoints" name="test_billing_pricing_endpoint" time="0.232" /><testcase classname="tests.test_subscription_billing.TestPendingPayments" name="test_get_pending_payments" time="0.314" /><testcase classname="tests.test_subscription_billing.TestPendingPayments" name="test_get_photographers_with_subscription_info" time="0.512" /><testcase classname="tests.test_subscription_billing.TestFeatureToggles" name="test_feature_toggles_free_user" time="1.186" /><testcase classname="tests.test_subscription_billing.TestFeatureToggles" name="test_feature_toggles_pro_user" time="2.012" /><testcase classname="tests.test_subscription_billing.TestStorageQuota" name="test_storage_quota_free_user" time="1.294" /><testcase classname="tests.test_subscription_billing.TestStorageQuota" name="test_storage_quota_pro_user" time="1.194" /><testcase classname="tests.test_subscription_billing.TestCreditSystem" name="test_credit_info_in_subscription" time="1.239" /><testcase classname="tests.test_subscription_billing.TestDownloadGate" name="test_download_disabled_for_pending_payment" time="1.319" /><testcase classname="tests.test_subscription_billing.TestBillingSettings" name="test_get_billing_settings" time="0.435" /><testcase classname="tests.test_subscription_billing.TestUpgradeRequestFlow" name="test_upgrade_request_endpoint_exists" time="0.231" /><testcase classname="tests.test_subscription_billing.TestUpgradeRequestFlow" name="test_payment_proof_upload_endpoint_exists" time="0.099" /></testsuite></testsuites>