<?xml version="1.0" encoding="utf-8"?><testsuites name="pytest tests"><testsuite name="pytest" errors="0" failures="0" skipped="1" tests="17" time="2.035" timestamp="2026-02-07T00:43:39.191861+00:00" hostname="agent-env-cfe605ed-3f5c-408e-99a4-4a6ec3c420b3"><testcase classname="backend.tests.test_video_section.TestVideoSectionBackend" name="test_01_login_success" time="0.638" /><testcase classname="backend.tests.test_video_section.TestVideoSectionBackend" name="test_02_get_gallery" time="0.550" /><testcase classname="backend.tests.test_video_section.TestVideoSectionBackend" name="test_03_get_gallery_sections" time="0.021" /><testcase classname="backend.tests.test_video_section.TestVideoSectionBackend" name="test_04_create_video_section" time="0.017" /><testcase classname="backend.tests.test_video_section.TestVideoSectionBackend" name="test_05_generate_contributor_link_for_video_section" time="0.073" /><testcase classname="backend.tests.test_video_section.TestVideoSectionBackend" name="test_06_get_contributor_info" time="0.094" /><testcase classname="backend.tests.test_video_section.TestVideoSectionBackend" name="test_07_upload_contributor_video" time="0.072" /><testcase classname="backend.tests.test_video_section.TestVideoSectionBackend" name="test_08_upload_contributor_video_invalid_url" time="0.069" /><testcase classname="backend.tests.test_video_section.TestVideoSectionBackend" name="test_09_upload_contributor_video_missing_company" time="0.073" /><testcase classname="backend.tests.test_video_section.TestVideoSectionBackend" name="test_10_get_gallery_videos" time="0.019" /><testcase classname="backend.tests.test_video_section.TestVideoSectionBackend" name="test_11_create_video_as_photographer" time="0.016" /><testcase classname="backend.tests.test_video_section.TestVideoSectionBackend" name="test_12_set_video_as_featured" time="0.035" /><testcase classname="backend.tests.test_video_section.TestVideoSectionBackend" name="test_13_update_video" time="0.036" /><testcase classname="backend.tests.test_video_section.TestVideoSectionBackend" name="test_14_get_public_gallery_videos" time="0.086" /><testcase classname="backend.tests.test_video_section.TestVideoSectionBackend" name="test_15_delete_video_as_photographer" time="0.042" /><testcase classname="backend.tests.test_video_section.TestVideoSectionEdgeCases" name="test_invalid_contributor_link" time="0.067" /><testcase classname="backend.tests.test_video_section.TestVideoSectionEdgeCases" name="test_video_to_photo_section" time="0.018"><skipped type="pytest.skip" message="No photo section to test">/app/backend/tests/test_video_section.py:425: No photo section to test</skipped></testcase></testsuite></testsuites>