<?xml version="1.0" encoding="utf-8"?><testsuites name="pytest tests"><testsuite name="pytest" errors="0" failures="4" skipped="2" tests="19" time="7.718" timestamp="2026-02-07T00:41:59.909760+00:00" hostname="agent-env-cfe605ed-3f5c-408e-99a4-4a6ec3c420b3"><testcase classname="backend.tests.test_video_section.TestVideoSectionBackend" name="test_01_login_success" time="0.473" /><testcase classname="backend.tests.test_video_section.TestVideoSectionBackend" name="test_02_get_gallery" time="0.444" /><testcase classname="backend.tests.test_video_section.TestVideoSectionBackend" name="test_03_get_gallery_sections" time="0.452" /><testcase classname="backend.tests.test_video_section.TestVideoSectionBackend" name="test_04_create_video_section" time="0.647" /><testcase classname="backend.tests.test_video_section.TestVideoSectionBackend" name="test_05_generate_contributor_link_for_video_section" time="0.481" /><testcase classname="backend.tests.test_video_section.TestVideoSectionBackend" name="test_06_get_contributor_info" time="0.070"><failure message="AssertionError: Get contributor info failed: {&quot;detail&quot;:&quot;Invalid or expired contributor link&quot;}&#10;assert 404 == 200&#10; +  where 404 = &lt;Response [404]&gt;.status_code">backend/tests/test_video_section.py:152: in test_06_get_contributor_info
    assert response.status_code == 200, f"Get contributor info failed: {response.text}"
E   AssertionError: Get contributor info failed: {"detail":"Invalid or expired contributor link"}
E   assert 404 == 200
E    +  where 404 = &lt;Response [404]&gt;.status_code</failure></testcase><testcase classname="backend.tests.test_video_section.TestVideoSectionBackend" name="test_07_upload_contributor_video" time="0.073"><failure message="AssertionError: Upload contributor video failed: {&quot;detail&quot;:&quot;Invalid contributor link&quot;}&#10;assert 404 == 200&#10; +  where 404 = &lt;Response [404]&gt;.status_code">backend/tests/test_video_section.py:188: in test_07_upload_contributor_video
    assert response.status_code == 200, f"Upload contributor video failed: {response.text}"
E   AssertionError: Upload contributor video failed: {"detail":"Invalid contributor link"}
E   assert 404 == 200
E    +  where 404 = &lt;Response [404]&gt;.status_code</failure></testcase><testcase classname="backend.tests.test_video_section.TestVideoSectionBackend" name="test_08_upload_contributor_video_invalid_url" time="0.072"><failure message="AssertionError: Expected 400 for invalid URL, got 404&#10;assert 404 == 400&#10; +  where 404 = &lt;Response [404]&gt;.status_code">backend/tests/test_video_section.py:210: in test_08_upload_contributor_video_invalid_url
    assert response.status_code == 400, f"Expected 400 for invalid URL, got {response.status_code}"
E   AssertionError: Expected 400 for invalid URL, got 404
E   assert 404 == 400
E    +  where 404 = &lt;Response [404]&gt;.status_code</failure></testcase><testcase classname="backend.tests.test_video_section.TestVideoSectionBackend" name="test_09_upload_contributor_video_missing_company" time="0.070"><failure message="AssertionError: Expected 400 for missing company, got 422&#10;assert 422 == 400&#10; +  where 422 = &lt;Response [422]&gt;.status_code">backend/tests/test_video_section.py:226: in test_09_upload_contributor_video_missing_company
    assert response.status_code == 400, f"Expected 400 for missing company, got {response.status_code}"
E   AssertionError: Expected 400 for missing company, got 422
E   assert 422 == 400
E    +  where 422 = &lt;Response [422]&gt;.status_code</failure></testcase><testcase classname="backend.tests.test_video_section.TestVideoSectionBackend" name="test_10_get_gallery_videos" time="0.430" /><testcase classname="backend.tests.test_video_section.TestVideoSectionBackend" name="test_11_create_video_as_photographer" time="0.483" /><testcase classname="backend.tests.test_video_section.TestVideoSectionBackend" name="test_12_set_video_as_featured" time="1.185" /><testcase classname="backend.tests.test_video_section.TestVideoSectionBackend" name="test_13_update_video" time="0.803" /><testcase classname="backend.tests.test_video_section.TestVideoSectionBackend" name="test_14_get_public_gallery_videos" time="0.534" /><testcase classname="backend.tests.test_video_section.TestVideoSectionBackend" name="test_15_delete_contributor_video" time="0.069"><skipped type="pytest.skip" message="Cannot access contributor link">/app/backend/tests/test_video_section.py:367: Cannot access contributor link</skipped></testcase><testcase classname="backend.tests.test_video_section.TestVideoSectionBackend" name="test_16_delete_video_as_photographer" time="0.477" /><testcase classname="backend.tests.test_video_section.TestVideoSectionEdgeCases" name="test_invalid_contributor_link" time="0.074" /><testcase classname="backend.tests.test_video_section.TestVideoSectionEdgeCases" name="test_video_to_photo_section" time="0.477"><skipped type="pytest.skip" message="No photo section to test">/app/backend/tests/test_video_section.py:453: No photo section to test</skipped></testcase><testcase classname="backend.tests.test_video_section.TestVideoSectionEdgeCases" name="test_youtube_url_formats" time="0.076" /></testsuite></testsuites>